0 verbose cli /usr/local/bin/node /usr/local/bin/npm
1 info using npm@8.19.4
2 info using node@v16.20.2
3 timing npm:load:whichnode Completed in 0ms
4 timing config:load:defaults Completed in 1ms
5 timing config:load:file:/usr/local/lib/node_modules/npm/npmrc Completed in 0ms
6 timing config:load:builtin Completed in 1ms
7 timing config:load:cli Completed in 2ms
8 timing config:load:env Completed in 0ms
9 timing config:load:file:/data/.npmrc Completed in 1ms
10 timing config:load:project Completed in 4ms
11 timing config:load:file:/usr/src/node-red/.npmrc Completed in 0ms
12 timing config:load:user Completed in 0ms
13 timing config:load:file:/usr/local/etc/npmrc Completed in 3ms
14 timing config:load:global Completed in 4ms
15 timing config:load:validate Completed in 0ms
16 timing config:load:credentials Completed in 1ms
17 timing config:load:setEnvs Completed in 0ms
18 timing config:load Completed in 13ms
19 timing npm:load:configload Completed in 13ms
20 timing npm:load:mkdirpcache Completed in 4ms
21 timing npm:load:mkdirplogs Completed in 4ms
22 verbose title npm start --userDir /data
23 verbose argv "start" "--" "--userDir" "/data"
24 timing npm:load:setTitle Completed in 1ms
25 timing config:load:flatten Completed in 3ms
26 timing npm:load:display Completed in 3ms
27 verbose logfile logs-max:10 dir:/data/.npm/_logs
28 verbose logfile /data/.npm/_logs/2023-12-25T12_09_15_585Z-debug-0.log
29 timing npm:load:logFile Completed in 15ms
30 timing npm:load:timers Completed in 0ms
31 timing npm:load:configScope Completed in 0ms
32 timing npm:load Completed in 43ms
33 silly logfile start cleaning logs, removing 1 files
34 silly logfile done cleaning log files
35 timing command:run-script Completed in 10ms
36 timing command:start Completed in 12ms
37 verbose stack Error: Missing script: "start"
37 verbose stack
37 verbose stack Did you mean one of these?
37 verbose stack     npm star # Mark your favorite packages
37 verbose stack     npm stars # View packages marked as favorites
37 verbose stack
37 verbose stack To see a list of scripts, run:
37 verbose stack   npm run
37 verbose stack     at RunScript.run (/usr/local/lib/node_modules/npm/lib/commands/run-script.js:98:13)
37 verbose stack     at async module.exports (/usr/local/lib/node_modules/npm/lib/cli.js:78:5)
38 verbose cwd /data
39 verbose Linux 5.15.133.1-microsoft-standard-WSL2
40 verbose node v16.20.2
41 verbose npm  v8.19.4
42 error Missing script: "start"
42 error
42 error Did you mean one of these?
42 error     npm star # Mark your favorite packages
42 error     npm stars # View packages marked as favorites
42 error
42 error To see a list of scripts, run:
42 error   npm run
43 verbose exit 1
44 timing npm Completed in 73ms
45 verbose code 1
46 error A complete log of this run can be found in:
46 error     /data/.npm/_logs/2023-12-25T12_09_15_585Z-debug-0.log
