0 verbose cli /usr/local/bin/node /usr/local/bin/npm
1 info using npm@8.19.4
2 info using node@v16.20.2
3 timing npm:load:whichnode Completed in 1ms
4 timing config:load:defaults Completed in 4ms
5 timing config:load:file:/usr/local/lib/node_modules/npm/npmrc Completed in 3ms
6 timing config:load:builtin Completed in 4ms
7 timing config:load:cli Completed in 5ms
8 timing config:load:env Completed in 0ms
9 timing config:load:project Completed in 11ms
10 timing config:load:file:/usr/src/node-red/.npmrc Completed in 1ms
11 timing config:load:user Completed in 1ms
12 timing config:load:file:/usr/local/etc/npmrc Completed in 4ms
13 timing config:load:global Completed in 4ms
14 timing config:load:validate Completed in 2ms
15 timing config:load:credentials Completed in 2ms
16 timing config:load:setEnvs Completed in 2ms
17 timing config:load Completed in 36ms
18 timing npm:load:configload Completed in 36ms
19 timing npm:load:mkdirpcache Completed in 13ms
20 timing npm:load:mkdirplogs Completed in 16ms
21 verbose title npm start --userDir /data
22 verbose argv "start" "--" "--userDir" "/data"
23 timing npm:load:setTitle Completed in 4ms
24 timing config:load:flatten Completed in 8ms
25 timing npm:load:display Completed in 11ms
26 verbose logfile logs-max:10 dir:/data/.npm/_logs
27 verbose logfile /data/.npm/_logs/2023-12-30T15_54_27_941Z-debug-0.log
28 timing npm:load:logFile Completed in 83ms
29 timing npm:load:timers Completed in 0ms
30 timing npm:load:configScope Completed in 0ms
31 timing npm:load Completed in 167ms
32 silly logfile start cleaning logs, removing 1 files
33 silly logfile done cleaning log files
