0 verbose cli /usr/local/bin/node /usr/local/bin/npm
1 info using npm@8.19.4
2 info using node@v16.20.2
3 timing npm:load:whichnode Completed in 0ms
4 timing config:load:defaults Completed in 1ms
5 timing config:load:file:/usr/local/lib/node_modules/npm/npmrc Completed in 1ms
6 timing config:load:builtin Completed in 1ms
7 timing config:load:cli Completed in 2ms
8 timing config:load:env Completed in 1ms
9 timing config:load:file:/data/.npmrc Completed in 1ms
10 timing config:load:project Completed in 5ms
11 timing config:load:file:/usr/src/node-red/.npmrc Completed in 0ms
12 timing config:load:user Completed in 0ms
13 timing config:load:file:/usr/local/etc/npmrc Completed in 1ms
14 timing config:load:global Completed in 1ms
15 timing config:load:validate Completed in 0ms
16 timing config:load:credentials Completed in 1ms
17 timing config:load:setEnvs Completed in 1ms
18 timing config:load Completed in 13ms
19 timing npm:load:configload Completed in 14ms
20 timing npm:load:mkdirpcache Completed in 2ms
21 timing npm:load:mkdirplogs Completed in 1ms
22 verbose title npm remove node-red-contrib-moment
23 verbose argv "remove" "--no-audit" "--no-update-notifier" "--no-fund" "--save" "node-red-contrib-moment"
24 timing npm:load:setTitle Completed in 1ms
25 timing config:load:flatten Completed in 2ms
26 timing npm:load:display Completed in 2ms
27 verbose logfile logs-max:10 dir:/data/.npm/_logs
28 verbose logfile /data/.npm/_logs/2023-12-28T14_23_39_107Z-debug-0.log
29 timing npm:load:logFile Completed in 21ms
30 timing npm:load:timers Completed in 0ms
31 timing npm:load:configScope Completed in 0ms
32 timing npm:load Completed in 42ms
33 timing arborist:ctor Completed in 1ms
34 silly logfile start cleaning logs, removing 1 files
35 silly logfile done cleaning log files
36 timing idealTree:init Completed in 26ms
37 timing idealTree:userRequests Completed in 1ms
38 silly idealTree buildDeps
39 timing idealTree:#root Completed in 0ms
40 timing idealTree:buildDeps Completed in 2ms
41 timing idealTree:fixDepFlags Completed in 1ms
42 timing idealTree Completed in 32ms
43 timing arborist:ctor Completed in 0ms
44 timing reify:loadTrees Completed in 57ms
45 timing reify:diffTrees Completed in 2ms
46 silly reify mark retired [ '/data/node_modules/invert-kv' ]
47 silly reify mark retired [ '/data/node_modules/lcid' ]
48 silly reify mark retired [ '/data/node_modules/moment' ]
49 silly reify mark retired [ '/data/node_modules/moment-parseformat' ]
50 silly reify mark retired [ '/data/node_modules/moment-timezone' ]
51 silly reify mark retired [ '/data/node_modules/node-red-contrib-moment' ]
52 silly reify mark retired [ '/data/node_modules/os-locale-s' ]
53 silly reify moves {
53 silly reify   '/data/node_modules/invert-kv': '/data/node_modules/.invert-kv-fU7V5gFg',
53 silly reify   '/data/node_modules/lcid': '/data/node_modules/.lcid-ho8huoET',
53 silly reify   '/data/node_modules/moment': '/data/node_modules/.moment-HMXFnPrn',
53 silly reify   '/data/node_modules/moment-parseformat': '/data/node_modules/.moment-parseformat-8y14jhY4',
53 silly reify   '/data/node_modules/moment-timezone': '/data/node_modules/.moment-timezone-l5Xmn3kI',
53 silly reify   '/data/node_modules/node-red-contrib-moment': '/data/node_modules/.node-red-contrib-moment-J7lohq7K',
53 silly reify   '/data/node_modules/os-locale-s': '/data/node_modules/.os-locale-s-AIzPzNkg'
53 silly reify }
54 timing reify:retireShallow Completed in 29ms
55 timing reify:createSparse Completed in 0ms
56 timing reify:loadBundles Completed in 0ms
57 timing reify:unpack Completed in 0ms
58 timing reify:unretire Completed in 1ms
59 timing build:queue Completed in 0ms
60 timing build:deps Completed in 1ms
61 timing build Completed in 1ms
62 timing reify:build Completed in 1ms
63 timing reify:trash Completed in 782ms
64 timing reify:save Completed in 10ms
65 timing reify Completed in 893ms
66 silly REMOVE node_modules/os-locale-s
67 silly REMOVE node_modules/node-red-contrib-moment
68 silly REMOVE node_modules/moment-timezone
69 silly REMOVE node_modules/moment-parseformat
70 silly REMOVE node_modules/moment
71 silly REMOVE node_modules/lcid
72 silly REMOVE node_modules/invert-kv
73 timing command:remove Completed in 898ms
74 verbose exit 0
75 timing npm Completed in 1002ms
76 info ok
